<?xml version="1.0" encoding="utf-8"?>
<assemblies timestamp="10/11/2017 22:18:30">
  <assembly name="dotnetcore.tests.dll" environment="64-bit .NET Standard [collection-per-class, parallel (4 threads)]" test-framework="xUnit.net 2.3.0.3820" run-date="2017-10-11" run-time="22:18:30" total="2" passed="2" failed="0" skipped="0" time="0.637" errors="0">
    <errors />
    <collection total="2" passed="2" failed="0" skipped="0" name="Test collection for dotnetcore.tests.UnitTest1" time="0.044">
      <test name="dotnetcore.tests.UnitTest1.Divide(a: 1, b: 2)" type="dotnetcore.tests.UnitTest1" method="Divide" time="0.042809" result="Pass" />
      <test name="dotnetcore.tests.UnitTest1.Add(a: 1, b: -7)" type="dotnetcore.tests.UnitTest1" method="Add" time="0.0010696" result="Pass" />
    </collection>
  </assembly>
</assemblies>602569+11:00" endTime="2017-10-11T20:46:57.9602569+11:00" testType="13cdc9d9-ddb5-4fa4-a97d-d965ccfc6d4b" outcome="Passed" testListId="8c84fa94-04c1-424b-9868-57a2d4851a1d" relativeResultsDirectory="e0e2ffc2-377d-4aed-8416-4928e2f4576c" />
    <UnitTestResult executionId="67e340ca-a6ab-4d7e-b8f4-fac360c9ab4b" testId="30408251-053c-4672-a441-429c9d99b457" testName="dotnetcore.tests.UnitTest1.Divide(a: 1, b: 2)" computerName="TESTIAN" duration="00:00:00.0010000" startTime="2017-10-11T20:46:57.9672576+11:00" endTime="2017-10-11T20:46:57.9672576+11:00" testType="13cdc9d9-ddb5-4fa4-a97d-d965ccfc6d4b" outcome="Passed" testListId="8c84fa94-04c1-424b-9868-57a2d4851a1d" relativeResultsDirectory="67e340ca-a6ab-4d7e-b8f4-fac360c9ab4b" />
  </Results>
  <TestDefinitions>
    <UnitTest name="dotnetcore.tests.UnitTest1.Add(a: 1, b: -7)" storage="c:\users\thor\documents\visual studio 2017\projects\dotnetcore\dotnetcore.tests\bin\debug\netcoreapp1.1\dotnetcore.tests.dll" id="c2a2daa8-f237-42ef-8919-c6c18bd3282a">
      <Execution id="e0e2ffc2-377d-4aed-8416-4928e2f4576c" />
      <TestMethod codeBase="C:\Users\Thor\Documents\Visual Studio 2017\Projects\dotnetcore\dotnetcore.tests\bin\Debug\netcoreapp1.1\dotnetcore.tests.dll" executorUriOfAdapter="executor://xunit/VsTestRunner2" className="dotnetcore.tests.UnitTest1" name="dotnetcore.tests.UnitTest1.Add(a: 1, b: -7)" />
    </UnitTest>
    <UnitTest name="dotnetcore.tests.UnitTest1.Divide(a: 1, b: 2)" storage="c:\users\thor\documents\visual studio 2017\projects\dotnetcore\dotnetcore.tests\bin\debug\netcoreapp1.1\dotnetcore.tests.dll" id="30408251-053c-4672-a441-429c9d99b457">
      <Execution id="67e340ca-a6ab-4d7e-b8f4-fac360c9ab4b" />
      <TestMethod codeBase="C:\Users\Thor\Documents\Visual Studio 2017\Projects\dotnetcore\dotnetcore.tests\bin\Debug\netcoreapp1.1\dotnetcore.tests.dll" executorUriOfAdapter="executor://xunit/VsTestRunner2" className="dotnetcore.tests.UnitTest1" name="dotnetcore.tests.UnitTest1.Divide(a: 1, b: 2)" />
    </UnitTest>
  </TestDefinitions>
  <TestEntries>
    <TestEntry testId="c2a2daa8-f237-42ef-8919-c6c18bd3282a" executionId="e0e2ffc2-377d-4aed-8416-4928e2f4576c" testListId="8c84fa94-04c1-424b-9868-57a2d4851a1d" />
    <TestEntry testId="30408251-053c-4672-a441-429c9d99b457" executionId="67e340ca-a6ab-4d7e-b8f4-fac360c9ab4b" testListId="8c84fa94-04c1-424b-9868-57a2d4851a1d" />
  </TestEntries>
  <TestLists>
    <TestList name="Results Not in a List" id="8c84fa94-04c1-424b-9868-57a2d4851a1d" />
    <TestList name="All Loaded Results" id="19431567-8539-422a-85d7-44ee4e166bda" />
  </TestLists>
  <ResultSummary outcome="Completed">
    <Counters total="2" executed="2" passed="2" failed="0" error="0" timeout="0" aborted="0" inconclusive="0" passedButRunAborted="0" notRunnable="0" notExecuted="0" disconnected="0" warning="0" completed="0" inProgress="0" pending="0" />
    <Output>
      <StdOut>[xUnit.net 00:00:02.1250494]   Discovering: dotnetcore.tests[xUnit.net 00:00:02.6786995]   Discovered:  dotnetcore.tests[xUnit.net 00:00:02.8487255]   Starting:    dotnetcore.tests[xUnit.net 00:00:03.4429690]   Finished:    dotnetcore.tests</StdOut>
    </Output>
  </ResultSummary>
</TestRun>