<?xml version="1.0" encoding="utf-8"?>
<assemblies timestamp="10/11/2017 23:24:05">
  <assembly name="dotnetcore.tests.dll" environment="64-bit .NET Standard [collection-per-class, parallel (4 threads)]" test-framework="xUnit.net 2.3.0.3820" run-date="2017-10-11" run-time="23:24:04" total="2" passed="2" failed="0" skipped="0" time="0.591" errors="0">
    <errors />
    <collection total="2" passed="2" failed="0" skipped="0" name="Test collection for dotnetcore.tests.UnitTest1" time="0.043">
      <test name="dotnetcore.tests.UnitTest1.Divide(a: 1, b: 2)" type="dotnetcore.tests.UnitTest1" method="Divide" time="0.0421505" result="Pass" />
      <test name="dotnetcore.tests.UnitTest1.Add(a: 1, b: -7)" type="dotnetcore.tests.UnitTest1" method="Add" time="0.0013004" result="Pass" />
    </collection>
  </assembly>
</assemblies>