<?xml version="1.0" encoding="UTF-8"?>
<TestRun id="ac3da78d-a2d6-4b4a-82c5-72e221f705f8" name="Thor@TESTIAN 2017-10-11 20:37:38" runUser="TESTian\Thor" xmlns="http://microsoft.com/schemas/VisualStudio/TeamTest/2010">
  <Times creation="2017-10-11T20:37:38.7940695+11:00" queuing="2017-10-11T20:37:38.7940695+11:00" start="2017-10-11T20:37:32.0845498+11:00" finish="2017-10-11T20:37:38.8225587+11:00" />
  <TestSettings name="default" id="bfab8e75-7526-4973-8d7f-2eaa20bf412e">
    <Deployment runDeploymentRoot="Thor_TESTIAN 2017-10-11 20_37_38" />
  </TestSettings>
  <Results>
    <UnitTestResult executionId="7c1f32ee-fe36-4595-9d9f-2c5c5ea572c2" testId="2150b27d-98b4-4481-bca7-7fea2e9b66c0" testName="dotnetcore.tests.UnitTest1.Add(a: 1, b: -7)" computerName="TESTIAN" duration="00:00:00.0470000" startTime="2017-10-11T20:37:38.8125566+11:00" endTime="2017-10-11T20:37:38.8120564+11:00" testType="13cdc9d9-ddb5-4fa4-a97d-d965ccfc6d4b" outcome="Passed" testListId="8c84fa94-04c1-424b-9868-57a2d4851a1d" relativeResultsDirectory="7c1f32ee-fe36-4595-9d9f-2c5c5ea572c2" />
    <UnitTestResult executionId="2fee13cb-9444-474e-96aa-56adbf199bed" testId="306cebe4-9d78-4ee6-8707-c177fa38515a" testName="dotnetcore.tests.UnitTest1.Add(a: 1, b: 2)" computerName="TESTIAN" duration="00:00:00.0150000" startTime="2017-10-11T20:37:38.8185545+11:00" endTime="2017-10-11T20:37:38.8185545+11:00" testType="13cdc9d9-ddb5-4fa4-a97d-d965ccfc6d4b" outcome="Failed" testListId="8c84fa94-04c1-424b-9868-57a2d4851a1d" relativeResultsDirectory="2fee13cb-9444-474e-96aa-56adbf199bed">
      <Output>
        <ErrorInfo>
          <Message>Assert.Equal() Failure
Expected: -6 (rounded from -6)
Actual:   3 (rounded from 3)</Message>
          <StackTrace>   at dotnetcore.tests.UnitTest1.Add(Double a, Double b) in C:\Users\Thor\Documents\Visual Studio 2017\Projects\dotnetcore\dotnetcore.tests\UnitTest1.cs:line 34</StackTrace>
        </ErrorInfo>
      </Output>
    </UnitTestResult>
    <UnitTestResult executionId="e013140c-3b12-4d25-8ac6-cbf9ea442c1e" testId="2b5f2b28-7b03-455c-926e-234a58ef9f37" testName="dotnetcore.tests.UnitTest1.Add(a: 1, b: 1)" computerName="TESTIAN" duration="00:00:00.0030000" startTime="2017-10-11T20:37:38.8210574+11:00" endTime="2017-10-11T20:37:38.8210574+11:00" testType="13cdc9d9-ddb5-4fa4-a97d-d965ccfc6d4b" outcome="Failed" testListId="8c84fa94-04c1-424b-9868-57a2d4851a1d" relativeResultsDirectory="e013140c-3b12-4d25-8ac6-cbf9ea442c1e">
      <Output>
        <ErrorInfo>
          <Message>Assert.Equal() Failure
Expected: -6 (rounded from -6)
Actual:   2 (rounded from 2)</Message>
          <StackTrace>   at dotnetcore.tests.UnitTest1.Add(Double a, Double b) in C:\Users\Thor\Documents\Visual Studio 2017\Projects\dotnetcore\dotnetcore.tests\UnitTest1.cs:line 34</StackTrace>
        </ErrorInfo>
      </Output>
    </UnitTestResult>
    <UnitTestResult executionId="ede2bb3f-d095-4720-a21c-0528cf4ab229" testId="714b12cb-be87-4f51-ac62-a16fc91b101b" testName="dotnetcore.tests.UnitTest1.Divide(a: 1, b: 2)" computerName="TESTIAN" duration="00:00:00.0020000" startTime="2017-10-11T20:37:38.8210574+11:00" endTime="2017-10-11T20:37:38.8210574+11:00" testType="13cdc9d9-ddb5-4fa4-a97d-d965ccfc6d4b" outcome="Passed" testListId="8c84fa94-04c1-424b-9868-57a2d4851a1d" relativeResultsDirectory="ede2bb3f-d095-4720-a21c-0528cf4ab229" />
  </Results>
  <TestDefinitions>
    <UnitTest name="dotnetcore.tests.UnitTest1.Add(a: 1, b: -7)" storage="c:\users\thor\documents\visual studio 2017\projects\dotnetcore\dotnetcore.tests\bin\debug\netcoreapp1.1\dotnetcore.tests.dll" id="2150b27d-98b4-4481-bca7-7fea2e9b66c0">
      <Execution id="7c1f32ee-fe36-4595-9d9f-2c5c5ea572c2" />
      <TestMethod codeBase="C:\Users\Thor\Documents\Visual Studio 2017\Projects\dotnetcore\dotnetcore.tests\bin\Debug\netcoreapp1.1\dotnetcore.tests.dll" executorUriOfAdapter="executor://xunit/VsTestRunner2" className="dotnetcore.tests.UnitTest1" name="dotnetcore.tests.UnitTest1.Add(a: 1, b: -7)" />
    </UnitTest>
    <UnitTest name="dotnetcore.tests.UnitTest1.Add(a: 1, b: 2)" storage="c:\users\thor\documents\visual studio 2017\projects\dotnetcore\dotnetcore.tests\bin\debug\netcoreapp1.1\dotnetcore.tests.dll" id="306cebe4-9d78-4ee6-8707-c177fa38515a">
      <Execution id="2fee13cb-9444-474e-96aa-56adbf199bed" />
      <TestMethod codeBase="C:\Users\Thor\Documents\Visual Studio 2017\Projects\dotnetcore\dotnetcore.tests\bin\Debug\netcoreapp1.1\dotnetcore.tests.dll" executorUriOfAdapter="executor://xunit/VsTestRunner2" className="dotnetcore.tests.UnitTest1" name="dotnetcore.tests.UnitTest1.Add(a: 1, b: 2)" />
    </UnitTest>
    <UnitTest name="dotnetcore.tests.UnitTest1.Add(a: 1, b: 1)" storage="c:\users\thor\documents\visual studio 2017\projects\dotnetcore\dotnetcore.tests\bin\debug\netcoreapp1.1\dotnetcore.tests.dll" id="2b5f2b28-7b03-455c-926e-234a58ef9f37">
      <Execution id="e013140c-3b12-4d25-8ac6-cbf9ea442c1e" />
      <TestMethod codeBase="C:\Users\Thor\Documents\Visual Studio 2017\Projects\dotnetcore\dotnetcore.tests\bin\Debug\netcoreapp1.1\dotnetcore.tests.dll" executorUriOfAdapter="executor://xunit/VsTestRunner2" className="dotnetcore.tests.UnitTest1" name="dotnetcore.tests.UnitTest1.Add(a: 1, b: 1)" />
    </UnitTest>
    <UnitTest name="dotnetcore.tests.UnitTest1.Divide(a: 1, b: 2)" storage="c:\users\thor\documents\visual studio 2017\projects\dotnetcore\dotnetcore.tests\bin\debug\netcoreapp1.1\dotnetcore.tests.dll" id="714b12cb-be87-4f51-ac62-a16fc91b101b">
      <Execution id="ede2bb3f-d095-4720-a21c-0528cf4ab229" />
      <TestMethod codeBase="C:\Users\Thor\Documents\Visual Studio 2017\Projects\dotnetcore\dotnetcore.tests\bin\Debug\netcoreapp1.1\dotnetcore.tests.dll" executorUriOfAdapter="executor://xunit/VsTestRunner2" className="dotnetcore.tests.UnitTest1" name="dotnetcore.tests.UnitTest1.Divide(a: 1, b: 2)" />
    </UnitTest>
  </TestDefinitions>
  <TestEntries>
    <TestEntry testId="2150b27d-98b4-4481-bca7-7fea2e9b66c0" executionId="7c1f32ee-fe36-4595-9d9f-2c5c5ea572c2" testListId="8c84fa94-04c1-424b-9868-57a2d4851a1d" />
    <TestEntry testId="306cebe4-9d78-4ee6-8707-c177fa38515a" executionId="2fee13cb-9444-474e-96aa-56adbf199bed" testListId="8c84fa94-04c1-424b-9868-57a2d4851a1d" />
    <TestEntry testId="2b5f2b28-7b03-455c-926e-234a58ef9f37" executionId="e013140c-3b12-4d25-8ac6-cbf9ea442c1e" testListId="8c84fa94-04c1-424b-9868-57a2d4851a1d" />
    <TestEntry testId="714b12cb-be87-4f51-ac62-a16fc91b101b" executionId="ede2bb3f-d095-4720-a21c-0528cf4ab229" testListId="8c84fa94-04c1-424b-9868-57a2d4851a1d" />
  </TestEntries>
  <TestLists>
    <TestList name="Results Not in a List" id="8c84fa94-04c1-424b-9868-57a2d4851a1d" />
    <TestList name="All Loaded Results" id="19431567-8539-422a-85d7-44ee4e166bda" />
  </TestLists>
  <ResultSummary outcome="Failed">
    <Counters total="4" executed="4" passed="2" failed="2" error="0" timeout="0" aborted="0" inconclusive="0" passedButRunAborted="0" notRunnable="0" notExecuted="0" disconnected="0" warning="0" completed="0" inProgress="0" pending="0" />
    <Output>
      <StdOut>[xUnit.net 00:00:02.3241215]   Discovering: dotnetcore.tests[xUnit.net 00:00:02.8483923]   Discovered:  dotnetcore.tests[xUnit.net 00:00:03.0371046]   Starting:    dotnetcore.tests[xUnit.net 00:00:03.7074519]       Assert.Equal() Failure[xUnit.net 00:00:03.7078781]       Expected: -6 (rounded from -6)[xUnit.net 00:00:03.7081010]       Actual:   3 (rounded from 3)[xUnit.net 00:00:03.7117594]       Stack Trace:[xUnit.net 00:00:03.7161307]         C:\Users\Thor\Documents\Visual Studio 2017\Projects\dotnetcore\dotnetcore.tests\UnitTest1.cs(34,0): at dotnetcore.tests.UnitTest1.Add(Double a, Double b)[xUnit.net 00:00:03.7257516]       Assert.Equal() Failure[xUnit.net 00:00:03.7260789]       Expected: -6 (rounded from -6)[xUnit.net 00:00:03.7262750]       Actual:   2 (rounded from 2)[xUnit.net 00:00:03.7264723]       Stack Trace:[xUnit.net 00:00:03.7266917]         C:\Users\Thor\Documents\Visual Studio 2017\Projects\dotnetcore\dotnetcore.tests\UnitTest1.cs(34,0): at dotnetcore.tests.UnitTest1.Add(Double a, Double b)[xUnit.net 00:00:03.7355379]   Finished:    dotnetcore.tests</StdOut>
    </Output>
    <RunInfos>
      <RunInfo computerName="TESTIAN" outcome="Error" timestamp="2017-10-11T20:37:38.3216371+11:00">
        <Text>[xUnit.net 00:00:03.7029479]     dotnetcore.tests.UnitTest1.Add(a: 1, b: 2) [FAIL]</Text>
      </RunInfo>
      <RunInfo computerName="TESTIAN" outcome="Error" timestamp="2017-10-11T20:37:38.3246320+11:00">
        <Text>[xUnit.net 00:00:03.7253723]     dotnetcore.tests.UnitTest1.Add(a: 1, b: 1) [FAIL]</Text>
      </RunInfo>
    </RunInfos>
  </ResultSummary>
</TestRun>