<?xml version="1.0" encoding="UTF-8"?>
<TestRun id="1f380918-bf5e-4b7e-925e-b6c0b3d715c2" name="Thor@TESTIAN 2017-10-11 20:46:57" runUser="TESTian\Thor" xmlns="http://microsoft.com/schemas/VisualStudio/TeamTest/2010">
  <Times creation="2017-10-11T20:46:57.9442558+11:00" queuing="2017-10-11T20:46:57.9442558+11:00" start="2017-10-11T20:46:51.7845522+11:00" finish="2017-10-11T20:46:57.9682587+11:00" />
  <TestSettings name="default" id="6c0ce200-2f79-44a1-83ad-d2e00279c38e">
    <Deployment runDeploymentRoot="Thor_TESTIAN 2017-10-11 20_46_57" />
  </TestSettings>
  <Results>
    <UnitTestResult executionId="e0e2ffc2-377d-4aed-8416-4928e2f4576c" testId="c2a2daa8-f237-42ef-8919-c6c18bd3282a" testName="dotnetcore.tests.UnitTest1.Add(a: 1, b: -7)" computerName="TESTIAN" duration="00:00:00.0370000" startTime="2017-10-11T20:46:57.9602569+11:00" endTime="2017-10-11T20:46:57.9602569+11:00" testType="13cdc9d9-ddb5-4fa4-a97d-d965ccfc6d4b" outcome="Passed" testListId="8c84fa94-04c1-424b-9868-57a2d4851a1d" relativeResultsDirectory="e0e2ffc2-377d-4aed-8416-4928e2f4576c" />
    <UnitTestResult executionId="67e340ca-a6ab-4d7e-b8f4-fac360c9ab4b" testId="30408251-053c-4672-a441-429c9d99b457" testName="dotnetcore.tests.UnitTest1.Divide(a: 1, b: 2)" computerName="TESTIAN" duration="00:00:00.0010000" startTime="2017-10-11T20:46:57.9672576+11:00" endTime="2017-10-11T20:46:57.9672576+11:00" testType="13cdc9d9-ddb5-4fa4-a97d-d965ccfc6d4b" outcome="Passed" testListId="8c84fa94-04c1-424b-9868-57a2d4851a1d" relativeResultsDirectory="67e340ca-a6ab-4d7e-b8f4-fac360c9ab4b" />
  </Results>
  <TestDefinitions>
    <UnitTest name="dotnetcore.tests.UnitTest1.Add(a: 1, b: -7)" storage="c:\users\thor\documents\visual studio 2017\projects\dotnetcore\dotnetcore.tests\bin\debug\netcoreapp1.1\dotnetcore.tests.dll" id="c2a2daa8-f237-42ef-8919-c6c18bd3282a">
      <Execution id="e0e2ffc2-377d-4aed-8416-4928e2f4576c" />
      <TestMethod codeBase="C:\Users\Thor\Documents\Visual Studio 2017\Projects\dotnetcore\dotnetcore.tests\bin\Debug\netcoreapp1.1\dotnetcore.tests.dll" executorUriOfAdapter="executor://xunit/VsTestRunner2" className="dotnetcore.tests.UnitTest1" name="dotnetcore.tests.UnitTest1.Add(a: 1, b: -7)" />
    </UnitTest>
    <UnitTest name="dotnetcore.tests.UnitTest1.Divide(a: 1, b: 2)" storage="c:\users\thor\documents\visual studio 2017\projects\dotnetcore\dotnetcore.tests\bin\debug\netcoreapp1.1\dotnetcore.tests.dll" id="30408251-053c-4672-a441-429c9d99b457">
      <Execution id="67e340ca-a6ab-4d7e-b8f4-fac360c9ab4b" />
      <TestMethod codeBase="C:\Users\Thor\Documents\Visual Studio 2017\Projects\dotnetcore\dotnetcore.tests\bin\Debug\netcoreapp1.1\dotnetcore.tests.dll" executorUriOfAdapter="executor://xunit/VsTestRunner2" className="dotnetcore.tests.UnitTest1" name="dotnetcore.tests.UnitTest1.Divide(a: 1, b: 2)" />
    </UnitTest>
  </TestDefinitions>
  <TestEntries>
    <TestEntry testId="c2a2daa8-f237-42ef-8919-c6c18bd3282a" executionId="e0e2ffc2-377d-4aed-8416-4928e2f4576c" testListId="8c84fa94-04c1-424b-9868-57a2d4851a1d" />
    <TestEntry testId="30408251-053c-4672-a441-429c9d99b457" executionId="67e340ca-a6ab-4d7e-b8f4-fac360c9ab4b" testListId="8c84fa94-04c1-424b-9868-57a2d4851a1d" />
  </TestEntries>
  <TestLists>
    <TestList name="Results Not in a List" id="8c84fa94-04c1-424b-9868-57a2d4851a1d" />
    <TestList name="All Loaded Results" id="19431567-8539-422a-85d7-44ee4e166bda" />
  </TestLists>
  <ResultSummary outcome="Completed">
    <Counters total="2" executed="2" passed="2" failed="0" error="0" timeout="0" aborted="0" inconclusive="0" passedButRunAborted="0" notRunnable="0" notExecuted="0" disconnected="0" warning="0" completed="0" inProgress="0" pending="0" />
    <Output>
      <StdOut>[xUnit.net 00:00:02.1250494]   Discovering: dotnetcore.tests[xUnit.net 00:00:02.6786995]   Discovered:  dotnetcore.tests[xUnit.net 00:00:02.8487255]   Starting:    dotnetcore.tests[xUnit.net 00:00:03.4429690]   Finished:    dotnetcore.tests</StdOut>
    </Output>
  </ResultSummary>
</TestRun>